Library/Bee/Android/Prj/IL2CPP/Gradle/unityLibrary/build/intermediates/manifest_merge_blame_file/release/processReleaseManifest/manifest-merger-blame-release-report.txt
1<?xml version="1.0" encoding="utf-8"?>
2<manifest xmlns:android="http://schemas.android.com/apk/res/android"
3    xmlns:tools="http://schemas.android.com/tools"
4    package="com.unity3d.player"
5    android:installLocation="auto" >
6
7    <uses-sdk android:minSdkVersion="29" />
8
9    <uses-permission android:name="android.permission.INTERNET" />
9-->src/main/AndroidManifest.xml:3:3-65
9-->src/main/AndroidManifest.xml:3:20-62
10    <uses-permission android:name="android.permission.RECORD_AUDIO" />
10-->src/main/AndroidManifest.xml:4:3-69
10-->src/main/AndroidManifest.xml:4:20-66
11    <uses-permission android:name="android.permission.MODIFY_AUDIO_SETTINGS" />
11-->src/main/AndroidManifest.xml:5:3-78
11-->src/main/AndroidManifest.xml:5:20-75
12
13    <uses-feature
13-->src/main/AndroidManifest.xml:6:3-111
14        android:name="android.hardware.vr.headtracking"
14-->src/main/AndroidManifest.xml:6:17-64
15        android:required="true"
15-->src/main/AndroidManifest.xml:6:65-88
16        android:version="1" />
16-->src/main/AndroidManifest.xml:6:89-108
17    <uses-feature
17-->src/main/AndroidManifest.xml:7:3-90
18        android:name="android.hardware.vulkan.version"
18-->src/main/AndroidManifest.xml:7:17-63
19        android:required="true" />
19-->src/main/AndroidManifest.xml:7:64-87
20    <uses-feature
20-->src/main/AndroidManifest.xml:8:3-87
21        android:name="android.hardware.microphone"
21-->src/main/AndroidManifest.xml:8:17-59
22        android:required="false" />
22-->src/main/AndroidManifest.xml:8:60-84
23    <uses-feature
23-->src/main/AndroidManifest.xml:9:3-88
24        android:name="android.hardware.touchscreen"
24-->src/main/AndroidManifest.xml:9:17-60
25        android:required="false" />
25-->src/main/AndroidManifest.xml:9:61-85
26    <uses-feature
26-->src/main/AndroidManifest.xml:10:3-99
27        android:name="android.hardware.touchscreen.multitouch"
27-->src/main/AndroidManifest.xml:10:17-71
28        android:required="false" />
28-->src/main/AndroidManifest.xml:10:72-96
29    <uses-feature
29-->src/main/AndroidManifest.xml:11:3-108
30        android:name="android.hardware.touchscreen.multitouch.distinct"
30-->src/main/AndroidManifest.xml:11:17-80
31        android:required="false" />
31-->src/main/AndroidManifest.xml:11:81-105
32    <uses-feature
32-->src/main/AndroidManifest.xml:42:3-88
33        android:name="oculus.software.handtracking"
33-->src/main/AndroidManifest.xml:42:17-60
34        android:required="false" />
34-->src/main/AndroidManifest.xml:42:61-85
35
36    <uses-permission android:name="com.oculus.permission.HAND_TRACKING" />
36-->src/main/AndroidManifest.xml:43:3-73
36-->src/main/AndroidManifest.xml:43:20-70
37    <uses-permission android:name="com.oculus.permission.USE_ANCHOR_API" />
37-->src/main/AndroidManifest.xml:44:3-74
37-->src/main/AndroidManifest.xml:44:20-71
38
39    <uses-feature
39-->src/main/AndroidManifest.xml:45:3-90
40        android:name="com.oculus.feature.PASSTHROUGH"
40-->src/main/AndroidManifest.xml:45:17-62
41        android:required="false" />
41-->src/main/AndroidManifest.xml:45:63-87
42    <uses-feature android:name="com.oculus.feature.RENDER_MODEL" />
42-->src/main/AndroidManifest.xml:46:3-66
42-->src/main/AndroidManifest.xml:46:17-63
43
44    <uses-permission android:name="com.oculus.permission.RENDER_MODEL" />
44-->src/main/AndroidManifest.xml:47:3-72
44-->src/main/AndroidManifest.xml:47:20-69
45
46    <uses-feature
46-->src/main/AndroidManifest.xml:48:3-93
47        android:name="com.oculus.software.body_tracking"
47-->src/main/AndroidManifest.xml:48:17-65
48        android:required="false" />
48-->src/main/AndroidManifest.xml:48:66-90
49
50    <uses-permission android:name="com.oculus.permission.BODY_TRACKING" />
50-->src/main/AndroidManifest.xml:49:3-73
50-->src/main/AndroidManifest.xml:49:20-70
51
52    <uses-feature
52-->src/main/AndroidManifest.xml:50:3-89
53        android:name="oculus.software.face_tracking"
53-->src/main/AndroidManifest.xml:50:17-61
54        android:required="false" />
54-->src/main/AndroidManifest.xml:50:62-86
55
56    <uses-permission android:name="com.oculus.permission.FACE_TRACKING" />
56-->src/main/AndroidManifest.xml:51:3-73
56-->src/main/AndroidManifest.xml:51:20-70
57
58    <uses-feature
58-->src/main/AndroidManifest.xml:52:3-88
59        android:name="oculus.software.eye_tracking"
59-->src/main/AndroidManifest.xml:52:17-60
60        android:required="false" />
60-->src/main/AndroidManifest.xml:52:61-85
61
62    <uses-permission android:name="com.oculus.permission.EYE_TRACKING" />
62-->src/main/AndroidManifest.xml:53:3-72
62-->src/main/AndroidManifest.xml:53:20-69
63    <uses-permission android:name="com.oculus.permission.USE_SCENE" />
63-->src/main/AndroidManifest.xml:54:3-69
63-->src/main/AndroidManifest.xml:54:20-66
64
65    <application
65-->src/main/AndroidManifest.xml:12:3-41:17
66        android:allowBackup="false"
66-->src/main/AndroidManifest.xml:12:16-43
67        android:extractNativeLibs="true"
67-->src/main/AndroidManifest.xml:12:44-76
68        android:icon="@mipmap/app_icon"
68-->src/main/AndroidManifest.xml:12:77-108
69        android:label="@string/app_name"
69-->src/main/AndroidManifest.xml:12:109-141
70        android:networkSecurityConfig="@xml/network_sec_config" >
70-->src/main/AndroidManifest.xml:12:142-197
71        <meta-data
71-->src/main/AndroidManifest.xml:13:5-89
72            android:name="unityplayer.SkipPermissionsDialog"
72-->src/main/AndroidManifest.xml:13:16-64
73            android:value="false" />
73-->src/main/AndroidManifest.xml:13:65-86
74        <meta-data
74-->src/main/AndroidManifest.xml:14:5-97
75            android:name="com.samsung.android.vr.application.mode"
75-->src/main/AndroidManifest.xml:14:16-70
76            android:value="vr_only" />
76-->src/main/AndroidManifest.xml:14:71-94
77        <meta-data
77-->src/main/AndroidManifest.xml:15:5-103
78            android:name="com.oculus.ossplash.background"
78-->src/main/AndroidManifest.xml:15:16-61
79            android:value="passthrough-contextual" />
79-->src/main/AndroidManifest.xml:15:62-100
80        <meta-data
80-->src/main/AndroidManifest.xml:16:5-120
81            android:name="com.oculus.telemetry.project_guid"
81-->src/main/AndroidManifest.xml:16:16-64
82            android:value="111d50da-7e0c-44bf-8048-fa8ecd1cc715" />
82-->src/main/AndroidManifest.xml:16:65-117
83        <meta-data
83-->src/main/AndroidManifest.xml:17:5-86
84            android:name="com.oculus.supportedDevices"
84-->src/main/AndroidManifest.xml:17:16-58
85            android:value="questpro" />
85-->src/main/AndroidManifest.xml:17:59-83
86        <meta-data
86-->src/main/AndroidManifest.xml:18:5-69
87            android:name="unity.splash-mode"
87-->src/main/AndroidManifest.xml:18:16-48
88            android:value="0" />
88-->src/main/AndroidManifest.xml:18:49-66
89        <meta-data
89-->src/main/AndroidManifest.xml:19:5-74
90            android:name="unity.splash-enable"
90-->src/main/AndroidManifest.xml:19:16-50
91            android:value="True" />
91-->src/main/AndroidManifest.xml:19:51-71
92        <meta-data
92-->src/main/AndroidManifest.xml:20:5-78
93            android:name="unity.launch-fullscreen"
93-->src/main/AndroidManifest.xml:20:16-54
94            android:value="True" />
94-->src/main/AndroidManifest.xml:20:55-75
95        <meta-data
95-->src/main/AndroidManifest.xml:21:5-84
96            android:name="unity.render-outside-safearea"
96-->src/main/AndroidManifest.xml:21:16-60
97            android:value="True" />
97-->src/main/AndroidManifest.xml:21:61-81
98        <meta-data
98-->src/main/AndroidManifest.xml:22:5-81
99            android:name="notch.config"
99-->src/main/AndroidManifest.xml:22:16-43
100            android:value="portrait|landscape" />
100-->src/main/AndroidManifest.xml:22:44-78
101        <meta-data
101-->src/main/AndroidManifest.xml:23:5-84
102            android:name="unity.auto-report-fully-drawn"
102-->src/main/AndroidManifest.xml:23:16-60
103            android:value="true" />
103-->src/main/AndroidManifest.xml:23:61-81
104        <meta-data
104-->src/main/AndroidManifest.xml:24:5-80
105            android:name="unity.auto-set-game-state"
105-->src/main/AndroidManifest.xml:24:16-56
106            android:value="true" />
106-->src/main/AndroidManifest.xml:24:57-77
107        <meta-data
107-->src/main/AndroidManifest.xml:25:5-78
108            android:name="unity.strip-engine-code"
108-->src/main/AndroidManifest.xml:25:16-54
109            android:value="true" />
109-->src/main/AndroidManifest.xml:25:55-75
110
111        <activity
111-->src/main/AndroidManifest.xml:26:5-36:16
112            android:name="com.unity3d.player.UnityPlayerGameActivity"
112-->src/main/AndroidManifest.xml:26:274-331
113            android:configChanges="keyboard|keyboardHidden|navigation|orientation|screenLayout|screenSize|uiMode|density"
113-->src/main/AndroidManifest.xml:26:15-124
114            android:enabled="true"
114-->src/main/AndroidManifest.xml:26:125-147
115            android:excludeFromRecents="true"
115-->src/main/AndroidManifest.xml:26:148-181
116            android:exported="true"
116-->src/main/AndroidManifest.xml:26:182-205
117            android:hardwareAccelerated="false"
117-->src/main/AndroidManifest.xml:26:206-241
118            android:launchMode="singleTask"
118-->src/main/AndroidManifest.xml:26:242-273
119            android:resizeableActivity="false"
119-->src/main/AndroidManifest.xml:26:332-366
120            android:screenOrientation="landscape"
120-->src/main/AndroidManifest.xml:26:367-404
121            android:theme="@style/BaseUnityGameActivityTheme" >
121-->src/main/AndroidManifest.xml:26:405-454
122            <intent-filter>
122-->src/main/AndroidManifest.xml:27:7-31:23
123                <category android:name="android.intent.category.LAUNCHER" />
123-->src/main/AndroidManifest.xml:28:9-69
123-->src/main/AndroidManifest.xml:28:19-66
124                <category android:name="com.oculus.intent.category.VR" />
124-->src/main/AndroidManifest.xml:29:9-66
124-->src/main/AndroidManifest.xml:29:19-63
125
126                <action android:name="android.intent.action.MAIN" />
126-->src/main/AndroidManifest.xml:30:9-61
126-->src/main/AndroidManifest.xml:30:17-58
127            </intent-filter>
128
129            <meta-data
129-->src/main/AndroidManifest.xml:32:7-81
130                android:name="com.oculus.vr.focusaware"
130-->src/main/AndroidManifest.xml:32:18-57
131                android:value="true" />
131-->src/main/AndroidManifest.xml:32:58-78
132            <meta-data
132-->src/main/AndroidManifest.xml:33:7-130
133                android:name="WindowManagerPreference:FreeformWindowSize"
133-->src/main/AndroidManifest.xml:33:18-75
134                android:value="@string/FreeformWindowSize_maximize" />
134-->src/main/AndroidManifest.xml:33:76-127
135            <meta-data
135-->src/main/AndroidManifest.xml:34:7-145
136                android:name="WindowManagerPreference:FreeformWindowOrientation"
136-->src/main/AndroidManifest.xml:34:18-82
137                android:value="@string/FreeformWindowOrientation_landscape" />
137-->src/main/AndroidManifest.xml:34:83-142
138            <meta-data
138-->src/main/AndroidManifest.xml:35:7-70
139                android:name="notch_support"
139-->src/main/AndroidManifest.xml:35:18-46
140                android:value="true" />
140-->src/main/AndroidManifest.xml:35:47-67
141        </activity>
142
143        <meta-data
143-->src/main/AndroidManifest.xml:37:5-91
144            android:name="com.unity.xr.oculus.LowOverheadMode"
144-->src/main/AndroidManifest.xml:37:16-66
145            android:value="false" />
145-->src/main/AndroidManifest.xml:37:67-88
146        <meta-data
146-->src/main/AndroidManifest.xml:38:5-88
147            android:name="com.unity.xr.oculus.LateLatching"
147-->src/main/AndroidManifest.xml:38:16-63
148            android:value="false" />
148-->src/main/AndroidManifest.xml:38:64-85
149        <meta-data
149-->src/main/AndroidManifest.xml:39:5-93
150            android:name="com.unity.xr.oculus.LateLatchingDebug"
150-->src/main/AndroidManifest.xml:39:16-68
151            android:value="false" />
151-->src/main/AndroidManifest.xml:39:69-90
152        <meta-data
152-->src/main/AndroidManifest.xml:40:5-87
153            android:name="com.oculus.handtracking.frequency"
153-->src/main/AndroidManifest.xml:40:16-64
154            android:value="MAX" />
154-->src/main/AndroidManifest.xml:40:65-84
155    </application>
156
157</manifest>